2025-02-07T16:49:02,818   OFF ?: 
2025-02-07T16:49:02,818   OFF ?: 
2025-02-07T16:49:02,818   OFF ?: 
2025-02-07T16:49:02,818   OFF ?: 
2025-02-07T16:49:02,818   OFF ?: 
2025-02-07T16:49:02,818   OFF ?: 
2025-02-07T16:49:02,818   OFF ?: 
2025-02-07T16:49:02,818   OFF ?: 
2025-02-07T16:49:02,818   OFF ?: 
2025-02-07T16:49:02,818   OFF ?: 
2025-02-07T16:49:02,818   OFF ?: 
2025-02-07T16:49:02,818   OFF ?: 
2025-02-07T16:49:02,818   OFF ?: 
2025-02-07T16:49:02,818   OFF ?: 
2025-02-07T16:49:02,818   OFF ?: 
2025-02-07T16:49:02,818   OFF ?: 
2025-02-07T16:49:02,818   OFF ?: 
2025-02-07T16:49:02,818   OFF ?: 
2025-02-07T16:49:02,818   OFF ?: 
2025-02-07T16:49:02,818   OFF ?: 
2025-02-07T16:49:02,818   OFF ?: 
2025-02-07T16:49:02,818   OFF ?: 
2025-02-07T16:49:02,818   OFF ?: 
2025-02-07T16:49:02,818   OFF ?: 
2025-02-07T16:49:02,818   OFF ?: 
2025-02-07T16:49:02,818   OFF ?: 
2025-02-07T16:49:02,818   OFF ?: 
2025-02-07T16:49:02,818   OFF ?: 
2025-02-07T16:49:02,818   OFF ?: 
2025-02-07T16:49:02,818   OFF ?: 
2025-02-07T16:49:02,818   OFF ?: 
2025-02-07T16:49:02,818   OFF ?: 
2025-02-07T16:49:02,818   OFF ?: 
2025-02-07T16:49:02,818   OFF ?: 
2025-02-07T16:49:02,818   OFF ?: 
2025-02-07T16:49:02,818   OFF ?: 
2025-02-07T16:49:02,818   OFF ?: 
2025-02-07T16:49:02,818   OFF ?: 
2025-02-07T16:49:02,818   OFF ?: 
2025-02-07T16:49:02,818   OFF ?: 
2025-02-07T16:49:02,818   OFF ?: 
2025-02-07T16:49:02,818   OFF ?: 
2025-02-07T16:49:02,818   OFF ?: 
2025-02-07T16:49:02,818   OFF ?: 
2025-02-07T16:49:02,818   OFF ?: 
2025-02-07T16:49:02,818   OFF ?: 
2025-02-07T16:49:02,818   OFF ?: 
2025-02-07T16:49:02,818   OFF ?: 
2025-02-07T16:49:02,818   OFF ?: 
2025-02-07T16:49:02,818   OFF ?: 
2025-02-07T16:49:02,818   OFF ?: 
2025-02-07T16:49:02,818   OFF ?: 
2025-02-07T16:49:02,818   OFF ?: 
2025-02-07T16:49:02,818   OFF ?: 
2025-02-07T16:49:02,818   OFF ?: 
2025-02-07T16:49:02,818   OFF ?: 
2025-02-07T16:49:02,818   OFF ?: 
2025-02-07T16:49:02,818   OFF ?: 
2025-02-07T16:49:02,818   OFF ?: 
2025-02-07T16:49:02,818   OFF ?: 
2025-02-07T16:49:02,818   OFF ?: 
2025-02-07T16:49:02,818   OFF ?: 
2025-02-07T16:49:02,818   OFF ?: 
2025-02-07T16:49:02,818   OFF ?: 
2025-02-07T16:49:02,818   OFF ?: 
2025-02-07T16:49:02,818   OFF ?: 
2025-02-07T16:49:02,818   OFF ?: 
2025-02-07T16:49:02,818   OFF ?: 
2025-02-07T16:49:02,818   OFF ?: 
2025-02-07T16:49:02,818   OFF ?: 
2025-02-07T16:49:02,818   OFF ?: 
2025-02-07T16:49:02,818   OFF ?: 
2025-02-07T16:49:02,818   OFF ?: 
2025-02-07T16:49:02,818   OFF ?: 
2025-02-07T16:49:02,818   OFF ?: 
2025-02-07T16:49:02,818   OFF ?: 
2025-02-07T16:49:02,818   OFF ?: 
2025-02-07T16:49:02,818   OFF ?: 
2025-02-07T16:49:02,818   OFF ?: 
2025-02-07T16:49:02,818   OFF ?: 
2025-02-07T16:49:02,818   OFF ?: 
2025-02-07T16:49:02,818   OFF ?: 
2025-02-07T16:49:02,818   OFF ?: 
2025-02-07T16:49:02,818   OFF ?: 
2025-02-07T16:49:02,818   OFF ?: 
2025-02-07T16:49:02,818   OFF ?: 
2025-02-07T16:49:02,818   OFF ?: 
2025-02-07T16:49:02,818   OFF ?: 
2025-02-07T16:49:02,818   OFF ?: 
2025-02-07T16:49:02,818   OFF ?: 
2025-02-07T16:49:02,818   OFF ?: 
2025-02-07T16:49:02,818   OFF ?: 
2025-02-07T16:49:02,818   OFF ?: 
2025-02-07T16:49:02,818   OFF ?: 
2025-02-07T16:49:02,818   OFF ?: 
2025-02-07T16:49:02,818   OFF ?: 
2025-02-07T16:49:02,818   OFF ?: 
2025-02-07T16:49:02,818   OFF ?: 
2025-02-07T16:49:02,818   OFF ?: 
2025-02-07T16:49:02,818   OFF ?: 
2025-02-07T16:49:02,818   OFF ?: 
2025-02-07T16:49:02,818   OFF ?: 
2025-02-07T16:49:02,818   OFF ?: 
2025-02-07T16:49:02,818   OFF ?: 
2025-02-07T16:49:02,818   OFF ?: 
2025-02-07T16:49:02,818   OFF ?: 
2025-02-07T16:49:02,818   OFF ?: 
2025-02-07T16:49:02,818   OFF ?: 
2025-02-07T16:49:02,818   OFF ?: 
2025-02-07T16:49:02,818   OFF ?: 
2025-02-07T16:49:02,818   OFF ?: 
2025-02-07T16:49:02,818   OFF ?: 
2025-02-07T16:49:02,818   OFF ?: 
2025-02-07T16:49:02,818   OFF ?: 
2025-02-07T16:49:02,818   OFF ?: 
2025-02-07T16:49:02,818   OFF ?: 
2025-02-07T16:49:02,818   OFF ?: 
2025-02-07T16:49:02,818   OFF ?: 
2025-02-07T16:49:02,818   OFF ?: 
2025-02-07T16:49:02,818   OFF ?: 
2025-02-07T16:49:02,818   OFF ?: 
2025-02-07T16:49:02,818   OFF ?: 
2025-02-07T16:49:02,818   OFF ?: 
2025-02-07T16:49:02,818   OFF ?: 
2025-02-07T16:49:02,818   OFF ?: 
2025-02-07T16:49:02,818   OFF ?: 
2025-02-07T16:49:02,818   OFF ?: 
2025-02-07T16:49:02,818   OFF ?: 
2025-02-07T16:49:02,818   OFF ?: 
2025-02-07T16:49:02,818   OFF ?: 
2025-02-07T16:49:02,818   OFF ?: 
2025-02-07T16:49:02,818   OFF ?: 
2025-02-07T16:49:02,818   OFF ?: 
2025-02-07T16:49:02,818   OFF ?: 
2025-02-07T16:49:02,818   OFF ?: 
2025-02-07T16:49:02,818   OFF ?: 
2025-02-07T16:49:02,818   OFF ?: 
2025-02-07T16:49:02,818   OFF ?: 
2025-02-07T16:49:02,818   OFF ?: 
2025-02-07T16:49:02,818   OFF ?: 
2025-02-07T16:49:02,818   OFF ?: 
2025-02-07T16:49:02,818   OFF ?: 
2025-02-07T16:49:02,818   OFF ?: 
2025-02-07T16:49:02,818   OFF ?: 
2025-02-07T16:49:02,818   OFF ?: 
2025-02-07T16:49:02,818   OFF ?: 
2025-02-07T16:49:02,818   OFF ?: 
2025-02-07T16:49:02,818   OFF ?: 
2025-02-07T16:49:02,818   OFF ?: 
2025-02-07T16:49:02,818   OFF ?: 
2025-02-07T16:49:02,818   OFF ?: 
2025-02-07T16:49:02,818   OFF ?: 
2025-02-07T16:49:02,818   OFF ?: 
2025-02-07T16:49:02,818   OFF ?: 
2025-02-07T16:49:02,818   OFF ?: 
2025-02-07T16:49:02,818   OFF ?: 
2025-02-07T16:49:02,818   OFF ?: 
2025-02-07T16:49:02,818   OFF ?: 
2025-02-07T16:49:02,818   OFF ?: 
2025-02-07T16:49:02,818   OFF ?: 
2025-02-07T16:49:02,818   OFF ?: 
2025-02-07T16:49:02,818   OFF ?: 
2025-02-07T16:49:02,818   OFF ?: 
2025-02-07T16:49:02,818   OFF ?: 
2025-02-07T16:49:02,818   OFF ?: 
2025-02-07T16:49:02,818   OFF ?: 
2025-02-07T16:49:02,818   OFF ?: 
2025-02-07T16:49:02,818   OFF ?: 
2025-02-07T16:49:02,818   OFF ?: 
2025-02-07T16:49:02,818   OFF ?: 
2025-02-07T16:49:02,818   OFF ?: 
2025-02-07T16:49:02,818   OFF ?: 
2025-02-07T16:49:02,818   OFF ?: 
2025-02-07T16:49:02,818   OFF ?: 
2025-02-07T16:49:02,818   OFF ?: 
2025-02-07T16:49:02,818   OFF ?: 
2025-02-07T16:49:02,818   OFF ?: 
2025-02-07T16:49:02,818   OFF ?: 
2025-02-07T16:49:02,818   OFF ?: 
2025-02-07T16:49:02,818   OFF ?: 
2025-02-07T16:49:02,818   OFF ?: 
2025-02-07T16:49:02,818   OFF ?: 
2025-02-07T16:49:02,818   OFF ?: 
2025-02-07T16:49:02,818   OFF ?: 
2025-02-07T16:49:02,818   OFF ?: 
2025-02-07T16:49:02,818   OFF ?: 
2025-02-07T16:49:02,818   OFF ?: 
2025-02-07T16:49:02,818   OFF ?: 
2025-02-07T16:49:02,818   OFF ?: 
2025-02-07T16:49:02,818   OFF ?: 
2025-02-07T16:49:02,818   OFF ?: 
2025-02-07T16:49:02,818   OFF ?: 
2025-02-07T16:49:02,818   OFF ?: 
2025-02-07T16:49:02,818   OFF ?: 
2025-02-07T16:49:02,818   OFF ?: 
2025-02-07T16:49:02,818   OFF ?: 
2025-02-07T16:49:02,818   OFF ?: 
2025-02-07T16:49:02,818   OFF ?: 
2025-02-07T16:49:02,818   OFF ?: 
2025-02-07T16:49:02,818   OFF ?: 
2025-02-07T16:49:02,818   OFF ?: 
2025-02-07T16:49:02,818   OFF ?: 
2025-02-07T16:49:02,818   OFF ?: 
2025-02-07T16:49:02,818   OFF ?: 
2025-02-07T16:49:02,818   OFF ?: 
2025-02-07T16:49:02,818   OFF ?: 
2025-02-07T16:49:02,818   OFF ?: 
2025-02-07T16:49:02,818   OFF ?: 
2025-02-07T16:49:02,818   OFF ?: 
2025-02-07T16:49:02,818   OFF ?: 
2025-02-07T16:49:02,818   OFF ?: 
2025-02-07T16:49:02,818   OFF ?: 
2025-02-07T16:49:02,818   OFF ?: 
2025-02-07T16:49:02,818   OFF ?: 
2025-02-07T16:49:02,818   OFF ?: 
2025-02-07T16:49:02,818   OFF ?: 
2025-02-07T16:49:02,818   OFF ?: 
2025-02-07T16:49:02,818   OFF ?: 
2025-02-07T16:49:02,818   OFF ?: 
2025-02-07T16:49:02,818   OFF ?: 
2025-02-07T16:49:02,818   OFF ?: 
2025-02-07T16:49:02,818   OFF ?: 
2025-02-07T16:49:02,818   OFF ?: 
2025-02-07T16:49:02,818   OFF ?: 
2025-02-07T16:49:02,818   OFF ?: 
2025-02-07T16:49:02,818   OFF ?: 
2025-02-07T16:49:02,818   OFF ?: 
2025-02-07T16:49:02,818   OFF ?: 
2025-02-07T16:49:02,818   OFF ?: 
2025-02-07T16:49:02,818   OFF ?: 
2025-02-07T16:49:02,818   OFF ?: 
2025-02-07T16:49:02,818   OFF ?: 
2025-02-07T16:49:02,818   OFF ?: 
2025-02-07T16:49:02,818   OFF ?: 
2025-02-07T16:49:02,818   OFF ?: 
2025-02-07T16:49:02,818   OFF ?: 
2025-02-07T16:49:02,818   OFF ?: 
2025-02-07T16:49:02,818   OFF ?: 
2025-02-07T16:49:02,818   OFF ?: 
2025-02-07T16:49:02,818   OFF ?: 
2025-02-07T16:49:02,818   OFF ?: 
2025-02-07T16:49:02,818   OFF ?: 
2025-02-07T16:49:02,818   OFF ?: 
2025-02-07T16:49:02,818   OFF ?: 
2025-02-07T16:49:02,818   OFF ?: 
2025-02-07T16:49:02,818   OFF ?: 
2025-02-07T16:49:02,818   OFF ?: 
2025-02-07T16:49:02,818   OFF ?: 
2025-02-07T16:49:02,818   OFF ?: 
2025-02-07T16:49:02,818   OFF ?: 
2025-02-07T16:49:02,818   OFF ?: 
2025-02-07T16:49:02,818   OFF ?: 
2025-02-07T16:49:02,818   OFF ?: 
2025-02-07T16:49:02,818   OFF ?: 
2025-02-07T16:49:02,818   OFF ?: 
2025-02-07T16:49:02,818   OFF ?: 
2025-02-07T16:49:02,818   OFF ?: 
2025-02-07T16:49:02,818   OFF ?: 
2025-02-07T16:49:02,818   OFF ?: 
2025-02-07T16:49:02,818   OFF ?: 
2025-02-07T16:49:02,818   OFF ?: 
2025-02-07T16:49:02,818   OFF ?: 
2025-02-07T16:49:02,818   OFF ?: 
2025-02-07T16:49:02,818   OFF ?: 
2025-02-07T16:49:02,818   OFF ?: 
2025-02-07T16:49:02,818   OFF ?: 
2025-02-07T16:49:02,818   OFF ?: 
2025-02-07T16:49:02,818   OFF ?: 
2025-02-07T16:49:02,818   OFF ?: 
2025-02-07T16:49:02,818   OFF ?: 
2025-02-07T16:49:02,818   OFF ?: 
2025-02-07T16:49:02,818   OFF ?: 
2025-02-07T16:49:02,818   OFF ?: 
2025-02-07T16:49:02,818   OFF ?: 
2025-02-07T16:49:02,818   OFF ?: 
2025-02-07T16:49:02,818   OFF ?: 
2025-02-07T16:49:02,818   OFF ?: 
2025-02-07T16:49:02,818   OFF ?: 
2025-02-07T16:49:02,818   OFF ?: 
2025-02-07T16:49:02,818   OFF ?: 
2025-02-07T16:49:02,818   OFF ?: 
2025-02-07T16:49:02,818   OFF ?: 
2025-02-07T16:49:02,818   OFF ?: 
2025-02-07T16:49:02,818   OFF ?: 
2025-02-07T16:49:02,818   OFF ?: 
2025-02-07T16:49:02,818   OFF ?: 
2025-02-07T16:49:02,818   OFF ?: 
2025-02-07T16:49:02,818   OFF ?: 
2025-02-07T16:49:02,818   OFF ?: 
2025-02-07T16:49:02,818   OFF ?: 
2025-02-07T16:49:02,818   OFF ?: 
2025-02-07T16:49:02,818   OFF ?: 
2025-02-07T16:49:02,818   OFF ?: 
2025-02-07T16:49:02,818   OFF ?: 
2025-02-07T16:49:02,818   OFF ?: 
2025-02-07T16:49:02,818   OFF ?: 
2025-02-07T16:49:02,818   OFF ?: 
2025-02-07T16:49:02,818   OFF ?: 
2025-02-07T16:49:02,818   OFF ?: 
2025-02-07T16:49:02,818   OFF ?: 
2025-02-07T16:49:02,818   OFF ?: 
2025-02-07T16:49:02,818   OFF ?: 
2025-02-07T16:49:02,818   OFF ?: 
2025-02-07T16:49:02,818   OFF ?: 
2025-02-07T16:49:02,818   OFF ?: 
2025-02-07T16:49:02,818   OFF ?: 
2025-02-07T16:49:02,818   OFF ?: 
2025-02-07T16:49:02,818   OFF ?: 
2025-02-07T16:49:02,818   OFF ?: 
2025-02-07T16:49:02,818   OFF ?: 
2025-02-07T16:49:02,818   OFF ?: 
2025-02-07T16:49:02,818   OFF ?: 
2025-02-07T16:49:02,818   OFF ?: 
2025-02-07T16:49:02,818   OFF ?: 
2025-02-07T16:49:02,818   OFF ?: 
2025-02-07T16:49:02,818   OFF ?: 
2025-02-07T16:49:02,818   OFF ?: 
2025-02-07T16:49:02,818   OFF ?: 
2025-02-07T16:49:02,818   OFF ?: 
2025-02-07T16:49:02,818   OFF ?: 
2025-02-07T16:49:02,818   OFF ?: 
2025-02-07T16:49:02,818   OFF ?: 
2025-02-07T16:49:02,818   OFF ?: 
2025-02-07T16:49:02,818   OFF ?: 
2025-02-07T16:49:02,818   OFF ?: 
2025-02-07T16:49:02,818   OFF ?: 
2025-02-07T16:49:02,818   OFF ?: 
2025-02-07T16:49:02,818   OFF ?: 
2025-02-07T16:49:02,818   OFF ?: 
2025-02-07T16:49:02,818   OFF ?: 
2025-02-07T16:49:02,818   OFF ?: 
2025-02-07T16:49:02,818   OFF ?: 
2025-02-07T16:49:02,818   OFF ?: 
2025-02-07T16:49:02,818   OFF ?: 
2025-02-07T16:49:02,818   OFF ?: 
2025-02-07T16:49:02,818   OFF ?: 
2025-02-07T16:49:02,818   OFF ?: 
2025-02-07T16:49:02,818   OFF ?: 
2025-02-07T16:49:02,818   OFF ?: 
2025-02-07T16:49:02,818   OFF ?: 
2025-02-07T16:49:02,818   OFF ?: 
2025-02-07T16:49:02,818   OFF ?: 
2025-02-07T16:49:02,818   OFF ?: 
2025-02-07T16:49:02,818   OFF ?: 
2025-02-07T16:49:02,818   OFF ?: 
2025-02-07T16:49:02,818   OFF ?: 
2025-02-07T16:49:02,818   OFF ?: 
2025-02-07T16:49:02,818   OFF ?: 
2025-02-07T16:49:02,818   OFF ?: 
2025-02-07T16:49:02,818   OFF ?: 
2025-02-07T16:49:02,818   OFF ?: 
2025-02-07T16:49:02,818   OFF ?: 
2025-02-07T16:49:02,818   OFF ?: 
2025-02-07T16:49:02,818   OFF ?: 
2025-02-07T16:49:02,818   OFF ?: 
2025-02-07T16:49:02,818   OFF ?: 
2025-02-07T16:49:02,818   OFF ?: 
2025-02-07T16:49:02,818   OFF ?: 
2025-02-07T16:49:02,818   OFF ?: 
2025-02-07T16:49:02,818   OFF ?: 
2025-02-07T16:49:02,818   OFF ?: 
2025-02-07T16:49:02,818   OFF ?: 
2025-02-07T16:49:02,818   OFF ?: 
2025-02-07T16:49:02,818   OFF ?: 
2025-02-07T16:49:02,818   OFF ?: 
2025-02-07T16:49:02,818   OFF ?: 
2025-02-07T16:49:02,818   OFF ?: 
2025-02-07T16:49:02,818   OFF ?: 
2025-02-07T16:49:02,818   OFF ?: 
2025-02-07T16:49:02,818   OFF ?: 
2025-02-07T16:49:02,818   OFF ?: 
2025-02-07T16:49:02,818   OFF ?: 
2025-02-07T16:49:02,818   OFF ?: 
2025-02-07T16:49:02,818   OFF ?: 
2025-02-07T16:49:02,818   OFF ?: 
2025-02-07T16:49:02,818   OFF ?: 
2025-02-07T16:49:02,818   OFF ?: 
2025-02-07T16:49:02,818   OFF ?: 
2025-02-07T16:49:02,818   OFF ?: 
2025-02-07T16:49:02,818   OFF ?: 
2025-02-07T16:49:02,818   OFF ?: 
2025-02-07T16:49:02,818   OFF ?: 
2025-02-07T16:49:02,818   OFF ?: 
2025-02-07T16:49:02,818   OFF ?: 
2025-02-07T16:49:02,818   OFF ?: 
2025-02-07T16:49:02,818   OFF ?: 
2025-02-07T16:49:02,818   OFF ?: 
2025-02-07T16:49:02,818   OFF ?: 
2025-02-07T16:49:02,818   OFF ?: 
2025-02-07T16:49:02,818   OFF ?: 
2025-02-07T16:49:02,818   OFF ?: 
2025-02-07T16:49:02,818   OFF ?: 
2025-02-07T16:49:02,818   OFF ?: 
2025-02-07T16:49:02,818   OFF ?: 
2025-02-07T16:49:02,818   OFF ?: 
2025-02-07T16:49:02,818   OFF ?: 
2025-02-07T16:49:02,818   OFF ?: 
2025-02-07T16:49:02,818   OFF ?: 
2025-02-07T16:49:02,818   OFF ?: 
2025-02-07T16:49:02,818   OFF ?: 
2025-02-07T16:49:02,818   OFF ?: 
2025-02-07T16:49:02,818   OFF ?: 
2025-02-07T16:49:02,818   OFF ?: 
2025-02-07T16:49:02,818   OFF ?: 
2025-02-07T16:49:02,818   OFF ?: 
2025-02-07T16:49:02,818   OFF ?: 
2025-02-07T16:49:02,818   OFF ?: 
2025-02-07T16:49:02,818   OFF ?: 
2025-02-07T16:49:02,818   OFF ?: 
2025-02-07T16:49:02,818   OFF ?: 
2025-02-07T16:49:02,818   OFF ?: 
2025-02-07T16:49:02,818   OFF ?: 
2025-02-07T16:49:02,818   OFF ?: 
2025-02-07T16:49:02,818   OFF ?: 
2025-02-07T16:49:02,818   OFF ?: 
2025-02-07T16:49:02,818   OFF ?: 
2025-02-07T16:49:02,818   OFF ?: 
2025-02-07T16:49:02,818   OFF ?: 
2025-02-07T16:49:02,818   OFF ?: 
2025-02-07T16:49:02,818   OFF ?: 
2025-02-07T16:49:02,818   OFF ?: 
2025-02-07T16:49:02,818   OFF ?: 
2025-02-07T16:49:02,818   OFF ?: 
2025-02-07T16:49:02,818   OFF ?: 
2025-02-07T16:49:02,818   OFF ?: 
2025-02-07T16:49:02,818   OFF ?: 
2025-02-07T16:49:02,818   OFF ?: 
2025-02-07T16:49:02,818   OFF ?: 
2025-02-07T16:49:02,818   OFF ?: 
2025-02-07T16:49:02,818   OFF ?: 
2025-02-07T16:49:02,818   OFF ?: 
2025-02-07T16:49:02,818   OFF ?: 
2025-02-07T16:49:02,818   OFF ?: 
2025-02-07T16:49:02,818   OFF ?: 
2025-02-07T16:49:02,818   OFF ?: 
2025-02-07T16:49:02,818   OFF ?: 
2025-02-07T16:49:02,818   OFF ?: 
2025-02-07T16:49:02,818   OFF ?: 
2025-02-07T16:49:02,818   OFF ?: 
2025-02-07T16:49:02,818   OFF ?: 
2025-02-07T16:49:02,818   OFF ?: 
2025-02-07T16:49:02,818   OFF ?: 
2025-02-07T16:49:02,818   OFF ?: 
2025-02-07T16:49:02,818   OFF ?: 
2025-02-07T16:49:02,818   OFF ?: 
2025-02-07T16:49:02,818   OFF ?: 
2025-02-07T16:49:02,818   OFF ?: 
2025-02-07T16:49:02,818   OFF ?: 
2025-02-07T16:49:02,818   OFF ?: 
2025-02-07T16:49:02,818   OFF ?: 
2025-02-07T16:49:02,818   OFF ?: 
2025-02-07T16:49:02,818   OFF ?: 
2025-02-07T16:49:02,818   OFF ?: 
2025-02-07T16:49:02,818   OFF ?: 
2025-02-07T16:49:02,818   OFF ?: 
2025-02-07T16:49:02,818   OFF ?: 
2025-02-07T16:49:02,818   OFF ?: 
2025-02-07T16:49:02,818   OFF ?: 
2025-02-07T16:49:02,818   OFF ?: 
2025-02-07T16:49:02,818   OFF ?: 
2025-02-07T16:49:02,818   OFF ?: 
2025-02-07T16:49:02,818   OFF ?: 
2025-02-07T16:49:02,818   OFF ?: 
2025-02-07T16:49:02,818   OFF ?: 
2025-02-07T16:49:02,818   OFF ?: 
2025-02-07T16:49:02,818   OFF ?: 
2025-02-07T16:49:02,818   OFF ?: 
2025-02-07T16:49:02,818   OFF ?: 
2025-02-07T16:49:02,818   OFF ?: 
2025-02-07T16:49:02,818   OFF ?: 
2025-02-07T16:49:02,818   OFF ?: 
2025-02-07T16:49:02,818   OFF ?: 
2025-02-07T16:49:02,818   OFF ?: 
2025-02-07T16:49:02,818   OFF ?: 
2025-02-07T16:49:02,818   OFF ?: 
2025-02-07T16:49:02,818   OFF ?: 
2025-02-07T16:49:02,818   OFF ?: 
2025-02-07T16:49:02,818   OFF ?: 
2025-02-07T16:49:02,818   OFF ?: 
2025-02-07T16:49:02,818   OFF ?: 
2025-02-07T16:49:02,818   OFF ?: 
2025-02-07T16:49:02,818   OFF ?: 
2025-02-07T16:49:02,818   OFF ?: 
2025-02-07T16:49:02,818   OFF ?: 
2025-02-07T16:49:02,818   OFF ?: 
2025-02-07T16:49:02,818   OFF ?: 
2025-02-07T16:49:02,818   OFF ?: 
2025-02-07T16:49:02,818   OFF ?: 
2025-02-07T16:49:02,818   OFF ?: 
2025-02-07T16:49:02,818   OFF ?: 
2025-02-07T16:49:02,818   OFF ?: 
2025-02-07T16:49:02,818   OFF ?: 
2025-02-07T16:49:02,818   OFF ?: 
2025-02-07T16:49:02,818   OFF ?: 
2025-02-07T16:49:02,818   OFF ?: 
2025-02-07T16:49:02,818   OFF ?: 
2025-02-07T16:49:02,818   OFF ?: 
2025-02-07T16:49:02,818   OFF ?: 
2025-02-07T16:49:02,818   OFF ?: 
2025-02-07T16:49:02,818   OFF ?: 
2025-02-07T16:49:02,818   OFF ?: 
2025-02-07T16:49:02,818   OFF ?: 
2025-02-07T16:49:02,818   OFF ?: 
2025-02-07T16:49:02,818   OFF ?: 
2025-02-07T16:49:02,818   OFF ?: 
2025-02-07T16:49:02,818   OFF ?: 
2025-02-07T16:49:02,818   OFF ?: 
2025-02-07T16:49:02,818   OFF ?: 
2025-02-07T16:49:02,818   OFF ?: 
2025-02-07T16:49:02,818   OFF ?: 
2025-02-07T16:49:02,818   OFF ?: 
2025-02-07T16:49:02,818   OFF ?: 
2025-02-07T16:49:02,818   OFF ?: 
2025-02-07T16:49:02,818   OFF ?: 
2025-02-07T16:49:02,818   OFF ?: 
2025-02-07T16:49:02,818   OFF ?: 
2025-02-07T16:49:02,818   OFF ?: 
2025-02-07T16:49:02,818   OFF ?: 
2025-02-07T16:49:02,818   OFF ?: 
2025-02-07T16:49:02,818   OFF ?: 
2025-02-07T16:49:02,818   OFF ?: 
2025-02-07T16:49:02,818   OFF ?: 
2025-02-07T16:49:02,818   OFF ?: 
2025-02-07T16:49:02,818   OFF ?: 
2025-02-07T16:49:02,818   OFF ?: 
2025-02-07T16:49:02,818   OFF ?: 
2025-02-07T16:49:02,818   OFF ?: 
2025-02-07T16:49:02,818   OFF ?: 
2025-02-07T16:49:02,818   OFF ?: 
2025-02-07T16:49:02,818   OFF ?: 
2025-02-07T16:49:02,818   OFF ?: 
2025-02-07T16:49:02,818   OFF ?: 
2025-02-07T16:49:02,818   OFF ?: 
2025-02-07T16:49:02,818   OFF ?: 
2025-02-07T16:49:02,818   OFF ?: 
2025-02-07T16:49:02,818   OFF ?: 
2025-02-07T16:49:02,818   OFF ?: 
2025-02-07T16:49:02,818   OFF ?: 
2025-02-07T16:49:02,818   OFF ?: 
2025-02-07T16:49:02,818   OFF ?: 
2025-02-07T16:49:02,818   OFF ?: 
2025-02-07T16:49:02,818   OFF ?: 
2025-02-07T16:49:02,818   OFF ?: 
2025-02-07T16:49:02,818   OFF ?: 
2025-02-07T16:49:02,818   OFF ?: 
2025-02-07T16:49:02,818   OFF ?: 
2025-02-07T16:49:02,818   OFF ?: 
2025-02-07T16:49:02,818   OFF ?: 
2025-02-07T16:49:02,818   OFF ?: 
2025-02-07T16:49:02,818   OFF ?: 
2025-02-07T16:49:02,818   OFF ?: 
2025-02-07T16:49:02,818   OFF ?: 
2025-02-07T16:49:02,818   OFF ?: 
2025-02-07T16:49:02,818   OFF ?: 
2025-02-07T16:49:02,818   OFF ?: 
2025-02-07T16:49:02,818   OFF ?: 
2025-02-07T16:49:02,818   OFF ?: 
2025-02-07T16:49:02,818   OFF ?: 
2025-02-07T16:49:02,818   OFF ?: 
2025-02-07T16:49:02,818   OFF ?: 
2025-02-07T16:49:02,818   OFF ?: 
2025-02-07T16:49:02,818   OFF ?: 
2025-02-07T16:49:02,818   OFF ?: 
2025-02-07T16:49:02,818   OFF ?: 
2025-02-07T16:49:02,818   OFF ?: 
2025-02-07T16:49:02,818   OFF ?: 
2025-02-07T16:49:02,818   OFF ?: 
2025-02-07T16:49:02,818   OFF ?: 
2025-02-07T16:49:02,818   OFF ?: 
2025-02-07T16:49:02,818   OFF ?: 
2025-02-07T16:49:02,818   OFF ?: 
2025-02-07T16:49:02,818   OFF ?: 
2025-02-07T16:49:02,818   OFF ?: 
2025-02-07T16:49:02,818   OFF ?: 
2025-02-07T16:49:02,818   OFF ?: 
2025-02-07T16:49:02,818   OFF ?: 
2025-02-07T16:49:02,818   OFF ?: 
2025-02-07T16:49:02,818   OFF ?: 
2025-02-07T16:49:02,818   OFF ?: 
2025-02-07T16:49:02,818   OFF ?: 
2025-02-07T16:49:02,818   OFF ?: 
2025-02-07T16:49:02,818   OFF ?: 
2025-02-07T16:49:02,818   OFF ?: 
2025-02-07T16:49:02,818   OFF ?: 
2025-02-07T16:49:02,818   OFF ?: 
2025-02-07T16:49:02,818   OFF ?: 
2025-02-07T16:49:02,818   OFF ?: 
2025-02-07T16:49:02,818   OFF ?: 
2025-02-07T16:49:02,818   OFF ?: 
2025-02-07T16:49:02,818   OFF ?: 
2025-02-07T16:49:02,818   OFF ?: 
2025-02-07T16:49:02,818   OFF ?: 
2025-02-07T16:49:02,818   OFF ?: 
2025-02-07T16:49:02,818   OFF ?: 
2025-02-07T16:49:02,818   OFF ?: 
2025-02-07T16:49:02,818   OFF ?: 
2025-02-07T16:49:02,818   OFF ?: 
2025-02-07T16:49:02,818   OFF ?: 
2025-02-07T16:49:02,818   OFF ?: 
2025-02-07T16:49:02,818   OFF ?: 
2025-02-07T16:49:02,818   OFF ?: 
2025-02-07T16:49:02,818   OFF ?: 
2025-02-07T16:49:02,818   OFF ?: 
2025-02-07T16:49:02,818   OFF ?: 
2025-02-07T16:49:02,818   OFF ?: 
2025-02-07T16:49:02,818   OFF ?: 
2025-02-07T16:49:02,818   OFF ?: 
2025-02-07T16:49:02,818   OFF ?: 
2025-02-07T16:49:02,818   OFF ?: 
2025-02-07T16:49:02,818   OFF ?: 
2025-02-07T16:49:02,818   OFF ?: 
2025-02-07T16:49:02,818   OFF ?: 
2025-02-07T16:49:02,818   OFF ?: 
2025-02-07T16:49:02,818   OFF ?: 
2025-02-07T16:49:02,818   OFF ?: 
2025-02-07T16:49:02,818   OFF ?: 
2025-02-07T16:49:02,818   OFF ?: 
2025-02-07T16:49:02,818   OFF ?: 
2025-02-07T16:49:02,818   OFF ?: 
2025-02-07T16:49:02,818   OFF ?: 
2025-02-07T16:49:02,818   OFF ?: 
2025-02-07T16:49:02,818   OFF ?: 
2025-02-07T16:49:02,818   OFF ?: 
2025-02-07T16:49:02,818   OFF ?: 
2025-02-07T16:49:02,818   OFF ?: 
2025-02-07T16:49:02,818   OFF ?: 
2025-02-07T16:49:02,818   OFF ?: 
2025-02-07T16:49:02,818   OFF ?: 
2025-02-07T16:49:02,818   OFF ?: 
2025-02-07T16:49:02,818   OFF ?: 
2025-02-07T16:49:02,818   OFF ?: 
2025-02-07T16:49:02,818   OFF ?: 
2025-02-07T16:49:02,818   OFF ?: 
2025-02-07T16:49:02,818   OFF ?: 
2025-02-07T16:49:02,818   OFF ?: 
2025-02-07T16:49:02,818   OFF ?: 
2025-02-07T16:49:02,818   OFF ?: 
2025-02-07T16:49:02,818   OFF ?: 
2025-02-07T16:49:02,818   OFF ?: 
2025-02-07T16:49:02,818   OFF ?: 
2025-02-07T16:49:02,818   OFF ?: 
2025-02-07T16:49:02,818   OFF ?: 
2025-02-07T16:49:02,818   OFF ?: 
2025-02-07T16:49:02,818   OFF ?: 
2025-02-07T16:49:02,818   OFF ?: 
2025-02-07T16:49:02,818   OFF ?: 
2025-02-07T16:49:02,818   OFF ?: 
2025-02-07T16:49:02,818   OFF ?: 
2025-02-07T16:49:02,818   OFF ?: 
2025-02-07T16:49:02,818   OFF ?: 
2025-02-07T16:49:02,818   OFF ?: 
2025-02-07T16:49:02,818   OFF ?: 
2025-02-07T16:49:02,818   OFF ?: 
2025-02-07T16:49:02,818   OFF ?: 
2025-02-07T16:49:02,818   OFF ?: 
2025-02-07T16:49:02,818   OFF ?: 
2025-02-07T16:49:02,818   OFF ?: 
2025-02-07T16:49:02,818   OFF ?: 
2025-02-07T16:49:02,818   OFF ?: 
2025-02-07T16:49:02,818   OFF ?: 
2025-02-07T16:49:02,818   OFF ?: 
2025-02-07T16:49:02,818   OFF ?: 
2025-02-07T16:49:02,818   OFF ?: 
2025-02-07T16:49:02,818   OFF ?: 
2025-02-07T16:49:02,818   OFF ?: 
2025-02-07T16:49:02,818   OFF ?: 
2025-02-07T16:49:02,818   OFF ?: 
2025-02-07T16:49:02,818   OFF ?: 
2025-02-07T16:49:02,818   OFF ?: 
2025-02-07T16:49:02,818   OFF ?: 
2025-02-07T16:49:02,818   OFF ?: 
2025-02-07T16:49:02,818   OFF ?: 
2025-02-07T16:49:02,818   OFF ?: 
2025-02-07T16:49:02,818   OFF ?: 
2025-02-07T16:49:02,818   OFF ?: 
2025-02-07T16:49:02,818   OFF ?: 
2025-02-07T16:49:02,818   OFF ?: 
2025-02-07T16:49:02,818   OFF ?: 
2025-02-07T16:49:02,818   OFF ?: 
2025-02-07T16:49:02,818   OFF ?: 
2025-02-07T16:49:02,818   OFF ?: 
2025-02-07T16:49:02,818   OFF ?: 
2025-02-07T16:49:02,818   OFF ?: 
2025-02-07T16:49:02,818   OFF ?: 
2025-02-07T16:49:02,818   OFF ?: 
2025-02-07T16:49:02,818   OFF ?: 
2025-02-07T16:49:02,818   OFF ?: 
2025-02-07T16:49:02,818   OFF ?: 
2025-02-07T16:49:02,818   OFF ?: 
2025-02-07T16:49:02,818   OFF ?: 
2025-02-07T16:49:02,818   OFF ?: 
2025-02-07T16:49:02,818   OFF ?: 
2025-02-07T16:49:02,818   OFF ?: 
2025-02-07T16:49:02,818   OFF ?: 
2025-02-07T16:49:02,818   OFF ?: 
2025-02-07T16:49:02,818   OFF ?: 
2025-02-07T16:49:02,818   OFF ?: 
2025-02-07T16:49:02,818   OFF ?: 
2025-02-07T16:49:02,818   OFF ?: 
2025-02-07T16:49:02,818   OFF ?: 
2025-02-07T16:49:02,818   OFF ?: 
2025-02-07T16:49:02,818   OFF ?: 
2025-02-07T16:49:02,818   OFF ?: 
2025-02-07T16:49:02,818   OFF ?: 
2025-02-07T16:49:02,818   OFF ?: 
2025-02-07T16:49:02,818   OFF ?: 
2025-02-07T16:49:02,818   OFF ?: 
2025-02-07T16:49:02,818   OFF ?: 
2025-02-07T16:49:02,818   OFF ?: 
2025-02-07T16:49:02,818   OFF ?: 
2025-02-07T16:49:02,818   OFF ?: 
2025-02-07T16:49:02,818   OFF ?: 
2025-02-07T16:49:02,818   OFF ?: 
2025-02-07T16:49:02,818   OFF ?: 
2025-02-07T16:49:02,818   OFF ?: 
2025-02-07T16:49:02,818   OFF ?: 
2025-02-07T16:49:02,818   OFF ?: 
2025-02-07T16:49:02,818   OFF ?: 
2025-02-07T16:49:02,818   OFF ?: 
2025-02-07T16:49:02,818   OFF ?: 
2025-02-07T16:49:02,818   OFF ?: 
2025-02-07T16:49:02,818   OFF ?: 
2025-02-07T16:49:02,818   OFF ?: 
2025-02-07T16:49:02,818   OFF ?: 
2025-02-07T16:49:02,818   OFF ?: 
2025-02-07T16:49:02,818   OFF ?: 
2025-02-07T16:49:02,818   OFF ?: 
2025-02-07T16:49:02,818   OFF ?: 
2025-02-07T16:49:02,818   OFF ?: 
2025-02-07T16:49:02,818   OFF ?: 
2025-02-07T16:49:02,818   OFF ?: 
2025-02-07T16:49:02,818   OFF ?: 
2025-02-07T16:49:02,818   OFF ?: 
2025-02-07T16:49:02,818   OFF ?: 
2025-02-07T16:49:02,818   OFF ?: 
2025-02-07T16:49:02,818   OFF ?: 
2025-02-07T16:49:02,818   OFF ?: 
2025-02-07T16:49:02,818   OFF ?: 
2025-02-07T16:49:02,818   OFF ?: 
2025-02-07T16:49:02,818   OFF ?: 
2025-02-07T16:49:02,818   OFF ?: 
2025-02-07T16:49:02,818   OFF ?: 
2025-02-07T16:49:02,818   OFF ?: 
2025-02-07T16:49:02,818   OFF ?: 
2025-02-07T16:49:02,818   OFF ?: 
2025-02-07T16:49:02,818   OFF ?: 
2025-02-07T16:49:02,818   OFF ?: 
2025-02-07T16:49:02,818   OFF ?: 
2025-02-07T16:49:02,818   OFF ?: 
2025-02-07T16:49:02,818   OFF ?: 
2025-02-07T16:49:02,818   OFF ?: 
2025-02-07T16:49:02,818   OFF ?: 
2025-02-07T16:49:02,818   OFF ?: 
2025-02-07T16:49:02,818   OFF ?: 
2025-02-07T16:49:02,818   OFF ?: 
2025-02-07T16:49:02,818   OFF ?: 
2025-02-07T16:49:02,818   OFF ?: 
2025-02-07T16:49:02,818   OFF ?: 
2025-02-07T16:49:02,818   OFF ?: 
2025-02-07T16:49:02,818   OFF ?: 
2025-02-07T16:49:02,818   OFF ?: 
2025-02-07T16:49:02,818   OFF ?: 
2025-02-07T16:49:02,818   OFF ?: 
2025-02-07T16:49:02,818   OFF ?: 
2025-02-07T16:49:02,818   OFF ?: 
2025-02-07T16:49:02,818   OFF ?: 
2025-02-07T16:49:02,818   OFF ?: 
2025-02-07T16:49:02,818   OFF ?: 
2025-02-07T16:49:02,818   OFF ?: 
2025-02-07T16:49:02,818   OFF ?: 
2025-02-07T16:49:02,818   OFF ?: 
2025-02-07T16:49:02,818   OFF ?: 
2025-02-07T16:49:02,818   OFF ?: 
2025-02-07T16:49:02,818   OFF ?: 
2025-02-07T16:49:02,818   OFF ?: 
2025-02-07T16:49:02,818   OFF ?: 
2025-02-07T16:49:02,818   OFF ?: 
2025-02-07T16:49:02,818   OFF ?: 
2025-02-07T16:49:02,818   OFF ?: 
2025-02-07T16:49:02,818   OFF ?: 
2025-02-07T16:49:02,818   OFF ?: 
2025-02-07T16:49:02,818   OFF ?: 
2025-02-07T16:49:02,818   OFF ?: 
2025-02-07T16:49:02,818   OFF ?: 
2025-02-07T16:49:02,818   OFF ?: 
2025-02-07T16:49:02,818   OFF ?: 
2025-02-07T16:49:02,818   OFF ?: 
2025-02-07T16:49:02,818   OFF ?: 
2025-02-07T16:49:02,818   OFF ?: 
2025-02-07T16:49:02,818   OFF ?: 
2025-02-07T16:49:02,818   OFF ?: 
2025-02-07T16:49:02,818   OFF ?: 
2025-02-07T16:49:02,818   OFF ?: 
2025-02-07T16:49:02,818   OFF ?: 
2025-02-07T16:49:02,818   OFF ?: 
2025-02-07T16:49:02,818   OFF ?: 
2025-02-07T16:49:02,818   OFF ?: 
2025-02-07T16:49:02,818   OFF ?: 
2025-02-07T16:49:02,818   OFF ?: 
2025-02-07T16:49:02,818   OFF ?: 
2025-02-07T16:49:02,818   OFF ?: 
2025-02-07T16:49:02,818   OFF ?: 
2025-02-07T16:49:02,818   OFF ?: 
2025-02-07T16:49:02,818   OFF ?: 
2025-02-07T16:49:02,818   OFF ?: 
2025-02-07T16:49:02,818   OFF ?: 
2025-02-07T16:49:02,818   OFF ?: 
2025-02-07T16:49:02,818   OFF ?: 
2025-02-07T16:49:02,818   OFF ?: 
2025-02-07T16:49:02,818   OFF ?: 
2025-02-07T16:49:02,818   OFF ?: 
2025-02-07T16:49:02,818   OFF ?: 
2025-02-07T16:49:02,818   OFF ?: 
2025-02-07T16:49:02,818   OFF ?: 
2025-02-07T16:49:02,818   OFF ?: 
2025-02-07T16:49:02,818   OFF ?: 
2025-02-07T16:49:02,818   OFF ?: 
2025-02-07T16:49:02,818   OFF ?: 
2025-02-07T16:49:02,818   OFF ?: 
2025-02-07T16:49:02,818   OFF ?: 
2025-02-07T16:49:02,818   OFF ?: 
2025-02-07T16:49:02,818   OFF ?: 
2025-02-07T16:49:02,818   OFF ?: 
2025-02-07T16:49:02,818   OFF ?: 
2025-02-07T16:49:02,818   OFF ?: 
2025-02-07T16:49:02,818   OFF ?: 
2025-02-07T16:49:02,818   OFF ?: 
2025-02-07T16:49:02,818   OFF ?: 
2025-02-07T16:49:02,818   OFF ?: 
2025-02-07T16:49:02,818   OFF ?: 
2025-02-07T16:49:02,818   OFF ?: 
2025-02-07T16:49:02,818   OFF ?: 
2025-02-07T16:49:02,818   OFF ?: 
2025-02-07T16:49:02,818   OFF ?: 
2025-02-07T16:49:02,818   OFF ?: 
2025-02-07T16:49:02,818   OFF ?: 
2025-02-07T16:49:02,818   OFF ?: 
2025-02-07T16:49:02,818   OFF ?: 
2025-02-07T16:49:02,818   OFF ?: 
2025-02-07T16:49:02,818   OFF ?: 
2025-02-07T16:49:02,818   OFF ?: 
2025-02-07T16:49:02,818   OFF ?: 
2025-02-07T16:49:02,818   OFF ?: 
2025-02-07T16:49:02,818   OFF ?: 
2025-02-07T16:49:02,818   OFF ?: 
2025-02-07T16:49:02,818   OFF ?: 
2025-02-07T16:49:02,818   OFF ?: 
2025-02-07T16:49:02,818   OFF ?: 
2025-02-07T16:49:02,818   OFF ?: 
2025-02-07T16:49:02,818   OFF ?: 
2025-02-07T16:49:02,818   OFF ?: 
2025-02-07T16:49:02,818   OFF ?: 
2025-02-07T16:49:02,818   OFF ?: 
2025-02-07T16:49:02,818   OFF ?: 
2025-02-07T16:49:02,818   OFF ?: 
2025-02-07T16:49:02,818   OFF ?: 
2025-02-07T16:49:02,818   OFF ?: 
2025-02-07T16:49:02,818   OFF ?: 
2025-02-07T16:49:02,818   OFF ?: 
2025-02-07T16:49:02,818   OFF ?: 
2025-02-07T16:49:02,818   OFF ?: 
2025-02-07T16:49:02,818   OFF ?: 
2025-02-07T16:49:02,818   OFF ?: 
2025-02-07T16:49:02,818   OFF ?: 
2025-02-07T16:49:02,818   OFF ?: 
2025-02-07T16:49:02,818   OFF ?: 
2025-02-07T16:49:02,818   OFF ?: 
2025-02-07T16:49:03,961  WARN VspConfigConsistencyCheckerImpl:492 you are not using SpeedyALT as routing algorithm.  vsp default (since may'21) is to use SpeedeALT.
2025-02-07T16:49:03,964  WARN VspConfigConsistencyCheckerImpl:476 vsp should move away from facilitiesSource=FacilitiesSource.none
2025-02-07T16:49:03,964  WARN VspConfigConsistencyCheckerImpl:267 found qsim.linkDynamics=FIFO; vsp should use PassingQ or talk to kai
2025-02-07T16:49:03,964  WARN VspConfigConsistencyCheckerImpl:272 found qsim.usePersonIdForMissingVehicleId==true; vsp should set this to false or talk to kai
2025-02-07T16:49:03,964  WARN VspConfigConsistencyCheckerImpl:186 travelTimeCalculator is not analyzing different modes separately; vsp default is to do that.  Otherwise, you are using the same travel times for, say, bike and car.
2025-02-07T16:49:03,986  WARN PrepareForSimImpl:268 'usePersonIdForMissingVehicleId' is deprecated. It will be removed soon.
2025-02-07T16:49:15,887  WARN QueueWithBuffer:422 max flow from fdiag < flow cap in network file; linkId=2240861980000f; network file flow cap/h=8000.0; max flow from fdiag/h=7111.11111111111
2025-02-07T16:49:15,887  WARN QueueWithBuffer:426 number of lanes from fdiag > number of lanes in network file; linkId=2240861980000f; number of lanes in network file=4.0; number of lanes from fdiag=4.500000000000001
2025-02-07T16:49:15,887  WARN QueueWithBuffer:436 The flow capacity will be reduced. See link attribute 'maxInflowUsedInQsim' written into the output network.
2025-02-07T16:49:15,890  WARN QueueWithBuffer:539 storage capacity not sufficient for holes; increasing from 13.077780958657092 to 14.712503578489228
2025-02-07T16:49:15,890  WARN QueueWithBuffer:422 max flow from fdiag < flow cap in network file; linkId=2240861980001f; network file flow cap/h=8000.0; max flow from fdiag/h=7111.11111111111
2025-02-07T16:49:15,890  WARN QueueWithBuffer:426 number of lanes from fdiag > number of lanes in network file; linkId=2240861980001f; number of lanes in network file=4.0; number of lanes from fdiag=4.500000000000001
2025-02-07T16:49:15,890  WARN QueueWithBuffer:436 The flow capacity will be reduced. See link attribute 'maxInflowUsedInQsim' written into the output network.
2025-02-07T16:49:15,890  WARN QueueWithBuffer:539 storage capacity not sufficient for holes; increasing from 138.5598877761422 to 155.87987374815998
2025-02-07T16:49:15,890  WARN QueueWithBuffer:422 max flow from fdiag < flow cap in network file; linkId=2240861990000f; network file flow cap/h=10000.0; max flow from fdiag/h=8888.888888888889
2025-02-07T16:49:15,890  WARN QueueWithBuffer:426 number of lanes from fdiag > number of lanes in network file; linkId=2240861990000f; number of lanes in network file=5.0; number of lanes from fdiag=5.625
2025-02-07T16:49:15,890  WARN QueueWithBuffer:436 The flow capacity will be reduced. See link attribute 'maxInflowUsedInQsim' written into the output network.
2025-02-07T16:49:15,890  WARN QueueWithBuffer:539 storage capacity not sufficient for holes; increasing from 191.9257607942806 to 215.91648089356565
2025-02-07T16:49:15,890  WARN QueueWithBuffer:422 max flow from fdiag < flow cap in network file; linkId=2240862000000f; network file flow cap/h=10000.0; max flow from fdiag/h=8888.888888888889
2025-02-07T16:49:15,890  WARN QueueWithBuffer:426 number of lanes from fdiag > number of lanes in network file; linkId=2240862000000f; number of lanes in network file=5.0; number of lanes from fdiag=5.625
2025-02-07T16:49:15,890  WARN QueueWithBuffer:436 The flow capacity will be reduced. See link attribute 'maxInflowUsedInQsim' written into the output network.
2025-02-07T16:49:15,890  WARN QueueWithBuffer:539 storage capacity not sufficient for holes; increasing from 44.52746794317345 to 50.093401436070124
2025-02-07T16:49:15,890  WARN QueueWithBuffer:422 max flow from fdiag < flow cap in network file; linkId=2240862000001f; network file flow cap/h=10000.0; max flow from fdiag/h=8888.888888888889
2025-02-07T16:49:15,892  WARN QueueWithBuffer:426 number of lanes from fdiag > number of lanes in network file; linkId=2240862000001f; number of lanes in network file=5.0; number of lanes from fdiag=5.625
2025-02-07T16:49:15,892  WARN QueueWithBuffer:436 The flow capacity will be reduced. See link attribute 'maxInflowUsedInQsim' written into the output network.
2025-02-07T16:49:15,892  WARN QueueWithBuffer:539 storage capacity not sufficient for holes; increasing from 71.98365666847242 to 80.98161375203145
2025-02-07T16:49:15,892  WARN QueueWithBuffer:422 max flow from fdiag < flow cap in network file; linkId=2240862010000f; network file flow cap/h=10000.0; max flow from fdiag/h=8888.888888888889
2025-02-07T16:49:15,892  WARN QueueWithBuffer:426 number of lanes from fdiag > number of lanes in network file; linkId=2240862010000f; number of lanes in network file=5.0; number of lanes from fdiag=5.625
2025-02-07T16:49:15,892  WARN QueueWithBuffer:436 The flow capacity will be reduced. See link attribute 'maxInflowUsedInQsim' written into the output network.
2025-02-07T16:49:15,892  WARN QueueWithBuffer:539 storage capacity not sufficient for holes; increasing from 68.11145969698524 to 76.62539215910839
2025-02-07T16:49:15,892  WARN QueueWithBuffer:422 max flow from fdiag < flow cap in network file; linkId=2240862010001f; network file flow cap/h=10000.0; max flow from fdiag/h=8888.888888888889
2025-02-07T16:49:15,892  WARN QueueWithBuffer:426 number of lanes from fdiag > number of lanes in network file; linkId=2240862010001f; number of lanes in network file=5.0; number of lanes from fdiag=5.625
2025-02-07T16:49:15,892  WARN QueueWithBuffer:436 The flow capacity will be reduced. See link attribute 'maxInflowUsedInQsim' written into the output network.
2025-02-07T16:49:15,892  WARN QueueWithBuffer:539 storage capacity not sufficient for holes; increasing from 70.67548908846035 to 79.50992522451789
2025-02-07T16:49:15,895  WARN QueueWithBuffer:422 max flow from fdiag < flow cap in network file; linkId=2240862010002f; network file flow cap/h=10000.0; max flow from fdiag/h=8888.888888888889
2025-02-07T16:49:15,895  WARN QueueWithBuffer:426 number of lanes from fdiag > number of lanes in network file; linkId=2240862010002f; number of lanes in network file=5.0; number of lanes from fdiag=5.625
2025-02-07T16:49:15,895  WARN QueueWithBuffer:436 The flow capacity will be reduced. See link attribute 'maxInflowUsedInQsim' written into the output network.
2025-02-07T16:49:15,895  WARN QueueWithBuffer:539 storage capacity not sufficient for holes; increasing from 255.95401430053528 to 287.9482660881022
2025-02-07T16:49:15,895  WARN QueueWithBuffer:422 max flow from fdiag < flow cap in network file; linkId=2240862010003f; network file flow cap/h=10000.0; max flow from fdiag/h=8888.888888888889
2025-02-07T16:49:15,895  WARN QueueWithBuffer:426 number of lanes from fdiag > number of lanes in network file; linkId=2240862010003f; number of lanes in network file=5.0; number of lanes from fdiag=5.625
2025-02-07T16:49:15,895  WARN QueueWithBuffer:436 The flow capacity will be reduced. See link attribute 'maxInflowUsedInQsim' written into the output network.
2025-02-07T16:49:15,895  WARN QueueWithBuffer:539 storage capacity not sufficient for holes; increasing from 147.1985141815351 to 165.59832845422696
2025-02-07T16:49:15,897  WARN QueueWithBuffer:422 max flow from fdiag < flow cap in network file; linkId=246929390018f; network file flow cap/h=1440.0; max flow from fdiag/h=800.0
2025-02-07T16:49:15,897  WARN QueueWithBuffer:426 number of lanes from fdiag > number of lanes in network file; linkId=246929390018f; number of lanes in network file=1.0; number of lanes from fdiag=1.7999999999999998
2025-02-07T16:49:15,897  WARN QueueWithBuffer:431  Future occurences of this logging statement are suppressed.
2025-02-07T16:49:15,900  WARN QueueWithBuffer:500 Link 246929390018f too small: enlarge storage capacity from: 1.0666666666666667 Vehicles to: 1.152 Vehicles.  This is not fatal, but modifies the traffic flow dynamics.
2025-02-07T16:49:15,900  WARN QueueWithBuffer:539 storage capacity not sufficient for holes; increasing from 1.152 to 1.9200000000000004
2025-02-07T16:49:29,725  WARN CharyparNagelActivityScoring:247 The first and the last activity do not have the same type. 
2025-02-07T16:49:29,725  WARN CharyparNagelActivityScoring:248 Will score the first activity from midnight to its end, and the last activity from its start to midnight.
2025-02-07T16:49:29,725  WARN CharyparNagelActivityScoring:249 Because of the nonlinear function, this is not the same as scoring from start to end.
2025-02-07T16:49:29,727  WARN CharyparNagelActivityScoring:250 first activity: act [type=home][coord=[x=540223.88556205 | y=5846314.866749032]][linkId=377320760000f][startTime=undefined][endTime=10:16:24][duration=undefined][facilityId=null]
2025-02-07T16:49:29,727  WARN CharyparNagelActivityScoring:251 last activity: act [type=park][coord=[x=542088.0938907628 | y=5844927.443027468]][linkId=774722210000f][startTime=10:47:58][endTime=undefined][duration=undefined][facilityId=null]
2025-02-07T16:49:29,727  WARN CharyparNagelActivityScoring:252 This may also happen when plans are not completed when the simulation ends.
2025-02-07T16:49:29,727  WARN CharyparNagelActivityScoring:254 Additional warnings of this type are suppressed.
2025-02-07T16:49:37,249  WARN ExpBetaPlanChanger:102 Would make sense to revise this once more.  See comments in code.  kai, nov08
